<?xml version="1.0" encoding="UTF-8"?>
<scr:component xmlns:scr="http://www.osgi.org/xmlns/scr/v1.1.0"
  activate="activate"
  immediate="true"
  name="Weblounge Test Commands">

  <implementation class="ch.o2it.weblounge.test.command.TestCommand" />
  <property name="service.description" value="Weblounge Test Command" />

</scr:component>